  GUI.cpp
  Terrain.cpp
  Water.cpp
  Window.cpp
  version.cpp
  Main.cpp
F:\CHIFEngine\CHIFEngine\src\Include\camera.h(136,13): warning C4305: "=": Verkürzung von "double" in "T"
F:\CHIFEngine\CHIFEngine\src\Include\camera.h(136,13): warning C4305:         with
F:\CHIFEngine\CHIFEngine\src\Include\camera.h(136,13): warning C4305:         [
F:\CHIFEngine\CHIFEngine\src\Include\camera.h(136,13): warning C4305:             T=float
F:\CHIFEngine\CHIFEngine\src\Include\camera.h(136,13): warning C4305:         ]
  (Quelldatei „Engine/Window.cpp“ wird kompiliert)
  
F:\CHIFEngine\CHIFEngine\src\Include\camera.h(137,13): warning C4305: "=": Verkürzung von "double" in "T"
F:\CHIFEngine\CHIFEngine\src\Include\camera.h(137,13): warning C4305:         with
F:\CHIFEngine\CHIFEngine\src\Include\camera.h(137,13): warning C4305:         [
F:\CHIFEngine\CHIFEngine\src\Include\camera.h(137,13): warning C4305:             T=float
F:\CHIFEngine\CHIFEngine\src\Include\camera.h(137,13): warning C4305:         ]
  (Quelldatei „Engine/Window.cpp“ wird kompiliert)
  
F:\CHIFEngine\CHIFEngine\src\Include\camera.h(138,13): warning C4305: "=": Verkürzung von "double" in "T"
F:\CHIFEngine\CHIFEngine\src\Include\camera.h(138,13): warning C4305:         with
F:\CHIFEngine\CHIFEngine\src\Include\camera.h(138,13): warning C4305:         [
F:\CHIFEngine\CHIFEngine\src\Include\camera.h(138,13): warning C4305:             T=float
F:\CHIFEngine\CHIFEngine\src\Include\camera.h(138,13): warning C4305:         ]
  (Quelldatei „Engine/Window.cpp“ wird kompiliert)
  
F:\CHIFEngine\CHIFEngine\src\Include\camera.h(139,13): warning C4305: "=": Verkürzung von "double" in "T"
F:\CHIFEngine\CHIFEngine\src\Include\camera.h(139,13): warning C4305:         with
F:\CHIFEngine\CHIFEngine\src\Include\camera.h(139,13): warning C4305:         [
F:\CHIFEngine\CHIFEngine\src\Include\camera.h(139,13): warning C4305:             T=float
F:\CHIFEngine\CHIFEngine\src\Include\camera.h(139,13): warning C4305:         ]
  (Quelldatei „Engine/Window.cpp“ wird kompiliert)
  
F:\CHIFEngine\CHIFEngine\src\Include\camera.h(143,14): warning C4244: "Initialisierung": Konvertierung von "double" in "float", möglicher Datenverlust
  (Quelldatei „Engine/Window.cpp“ wird kompiliert)
  
F:\CHIFEngine\CHIFEngine\src\Include\camera.h(160,28): warning C4305: "Argument": Verkürzung von "double" in "float"
  (Quelldatei „Engine/Window.cpp“ wird kompiliert)
  
F:\CHIFEngine\CHIFEngine\src\Include\camera.h(136,13): warning C4305: "=": Verkürzung von "double" in "T"
F:\CHIFEngine\CHIFEngine\src\Include\camera.h(136,13): warning C4305:         with
F:\CHIFEngine\CHIFEngine\src\Include\camera.h(136,13): warning C4305:         [
F:\CHIFEngine\CHIFEngine\src\Include\camera.h(136,13): warning C4305:             T=float
F:\CHIFEngine\CHIFEngine\src\Include\camera.h(136,13): warning C4305:         ]
  (Quelldatei „DrawableObjects/GUI.cpp“ wird kompiliert)
  
F:\CHIFEngine\CHIFEngine\src\Include\camera.h(137,13): warning C4305: "=": Verkürzung von "double" in "T"
F:\CHIFEngine\CHIFEngine\src\Include\camera.h(137,13): warning C4305:         with
F:\CHIFEngine\CHIFEngine\src\Include\camera.h(137,13): warning C4305:         [
F:\CHIFEngine\CHIFEngine\src\Include\camera.h(137,13): warning C4305:             T=float
F:\CHIFEngine\CHIFEngine\src\Include\camera.h(137,13): warning C4305:         ]
  (Quelldatei „DrawableObjects/GUI.cpp“ wird kompiliert)
  
F:\CHIFEngine\CHIFEngine\src\Include\camera.h(138,13): warning C4305: "=": Verkürzung von "double" in "T"
F:\CHIFEngine\CHIFEngine\src\Include\camera.h(138,13): warning C4305:         with
F:\CHIFEngine\CHIFEngine\src\Include\camera.h(138,13): warning C4305:         [
F:\CHIFEngine\CHIFEngine\src\Include\camera.h(138,13): warning C4305:             T=float
F:\CHIFEngine\CHIFEngine\src\Include\camera.h(138,13): warning C4305:         ]
  (Quelldatei „DrawableObjects/GUI.cpp“ wird kompiliert)
  
F:\CHIFEngine\CHIFEngine\src\Include\camera.h(139,13): warning C4305: "=": Verkürzung von "double" in "T"
F:\CHIFEngine\CHIFEngine\src\Include\camera.h(139,13): warning C4305:         with
F:\CHIFEngine\CHIFEngine\src\Include\camera.h(139,13): warning C4305:         [
F:\CHIFEngine\CHIFEngine\src\Include\camera.h(139,13): warning C4305:             T=float
F:\CHIFEngine\CHIFEngine\src\Include\camera.h(139,13): warning C4305:         ]
  (Quelldatei „DrawableObjects/GUI.cpp“ wird kompiliert)
  
F:\CHIFEngine\CHIFEngine\src\Include\camera.h(143,14): warning C4244: "Initialisierung": Konvertierung von "double" in "float", möglicher Datenverlust
  (Quelldatei „DrawableObjects/GUI.cpp“ wird kompiliert)
  
F:\CHIFEngine\CHIFEngine\src\Include\camera.h(160,28): warning C4305: "Argument": Verkürzung von "double" in "float"
  (Quelldatei „DrawableObjects/GUI.cpp“ wird kompiliert)
  
F:\CHIFEngine\CHIFEngine\src\Include\camera.h(136,13): warning C4305: "=": Verkürzung von "double" in "T"
F:\CHIFEngine\CHIFEngine\src\Include\camera.h(136,13): warning C4305:         with
F:\CHIFEngine\CHIFEngine\src\Include\camera.h(136,13): warning C4305:         [
F:\CHIFEngine\CHIFEngine\src\Include\camera.h(136,13): warning C4305:             T=float
F:\CHIFEngine\CHIFEngine\src\Include\camera.h(136,13): warning C4305:         ]
  (Quelldatei „Main.cpp“ wird kompiliert)
  
F:\CHIFEngine\CHIFEngine\src\Include\camera.h(137,13): warning C4305: "=": Verkürzung von "double" in "T"
F:\CHIFEngine\CHIFEngine\src\Include\camera.h(137,13): warning C4305:         with
F:\CHIFEngine\CHIFEngine\src\Include\camera.h(137,13): warning C4305:         [
F:\CHIFEngine\CHIFEngine\src\Include\camera.h(137,13): warning C4305:             T=float
F:\CHIFEngine\CHIFEngine\src\Include\camera.h(137,13): warning C4305:         ]
  (Quelldatei „Main.cpp“ wird kompiliert)
  
F:\CHIFEngine\CHIFEngine\src\Include\camera.h(138,13): warning C4305: "=": Verkürzung von "double" in "T"
F:\CHIFEngine\CHIFEngine\src\Include\camera.h(138,13): warning C4305:         with
F:\CHIFEngine\CHIFEngine\src\Include\camera.h(138,13): warning C4305:         [
F:\CHIFEngine\CHIFEngine\src\Include\camera.h(138,13): warning C4305:             T=float
F:\CHIFEngine\CHIFEngine\src\Include\camera.h(138,13): warning C4305:         ]
  (Quelldatei „Main.cpp“ wird kompiliert)
  
F:\CHIFEngine\CHIFEngine\src\Include\camera.h(139,13): warning C4305: "=": Verkürzung von "double" in "T"
F:\CHIFEngine\CHIFEngine\src\Include\camera.h(139,13): warning C4305:         with
F:\CHIFEngine\CHIFEngine\src\Include\camera.h(139,13): warning C4305:         [
F:\CHIFEngine\CHIFEngine\src\Include\camera.h(139,13): warning C4305:             T=float
F:\CHIFEngine\CHIFEngine\src\Include\camera.h(139,13): warning C4305:         ]
  (Quelldatei „Main.cpp“ wird kompiliert)
  
F:\CHIFEngine\CHIFEngine\src\Include\camera.h(143,14): warning C4244: "Initialisierung": Konvertierung von "double" in "float", möglicher Datenverlust
  (Quelldatei „Main.cpp“ wird kompiliert)
  
F:\CHIFEngine\CHIFEngine\src\Include\camera.h(160,28): warning C4305: "Argument": Verkürzung von "double" in "float"
  (Quelldatei „Main.cpp“ wird kompiliert)
  
F:\CHIFEngine\CHIFEngine\src\Engine\Window.cpp(93,11): warning C4244: "=": Konvertierung von "double" in "float", möglicher Datenverlust
F:\CHIFEngine\CHIFEngine\src\Engine\Window.cpp(94,11): warning C4244: "=": Konvertierung von "double" in "float", möglicher Datenverlust
F:\CHIFEngine\CHIFEngine\src\Engine\Window.cpp(98,16): warning C4244: "Initialisierung": Konvertierung von "double" in "float", möglicher Datenverlust
F:\CHIFEngine\CHIFEngine\src\Engine\Window.cpp(99,16): warning C4244: "Initialisierung": Konvertierung von "double" in "float", möglicher Datenverlust
F:\CHIFEngine\CHIFEngine\src\Engine\Window.cpp(101,10): warning C4244: "=": Konvertierung von "double" in "float", möglicher Datenverlust
F:\CHIFEngine\CHIFEngine\src\Engine\Window.cpp(102,10): warning C4244: "=": Konvertierung von "double" in "float", möglicher Datenverlust
F:\CHIFEngine\CHIFEngine\src\Engine\Window.cpp(109,37): warning C4244: "Argument": Konvertierung von "double" in "float", möglicher Datenverlust
F:\CHIFEngine\CHIFEngine\src\Include\camera.h(136,13): warning C4305: "=": Verkürzung von "double" in "T"
F:\CHIFEngine\CHIFEngine\src\Include\camera.h(136,13): warning C4305:         with
F:\CHIFEngine\CHIFEngine\src\Include\camera.h(136,13): warning C4305:         [
F:\CHIFEngine\CHIFEngine\src\Include\camera.h(136,13): warning C4305:             T=float
F:\CHIFEngine\CHIFEngine\src\Include\camera.h(136,13): warning C4305:         ]
  (Quelldatei „DrawableObjects/Terrain.cpp“ wird kompiliert)
  
F:\CHIFEngine\CHIFEngine\src\Include\camera.h(137,13): warning C4305: "=": Verkürzung von "double" in "T"
F:\CHIFEngine\CHIFEngine\src\Include\camera.h(137,13): warning C4305:         with
F:\CHIFEngine\CHIFEngine\src\Include\camera.h(137,13): warning C4305:         [
F:\CHIFEngine\CHIFEngine\src\Include\camera.h(137,13): warning C4305:             T=float
F:\CHIFEngine\CHIFEngine\src\Include\camera.h(137,13): warning C4305:         ]
  (Quelldatei „DrawableObjects/Terrain.cpp“ wird kompiliert)
  
F:\CHIFEngine\CHIFEngine\src\Include\camera.h(138,13): warning C4305: "=": Verkürzung von "double" in "T"
F:\CHIFEngine\CHIFEngine\src\Include\camera.h(138,13): warning C4305:         with
F:\CHIFEngine\CHIFEngine\src\Include\camera.h(138,13): warning C4305:         [
F:\CHIFEngine\CHIFEngine\src\Include\camera.h(138,13): warning C4305:             T=float
F:\CHIFEngine\CHIFEngine\src\Include\camera.h(138,13): warning C4305:         ]
  (Quelldatei „DrawableObjects/Terrain.cpp“ wird kompiliert)
  
F:\CHIFEngine\CHIFEngine\src\Include\camera.h(139,13): warning C4305: "=": Verkürzung von "double" in "T"
F:\CHIFEngine\CHIFEngine\src\Include\camera.h(139,13): warning C4305:         with
F:\CHIFEngine\CHIFEngine\src\Include\camera.h(139,13): warning C4305:         [
F:\CHIFEngine\CHIFEngine\src\Include\camera.h(139,13): warning C4305:             T=float
F:\CHIFEngine\CHIFEngine\src\Include\camera.h(139,13): warning C4305:         ]
  (Quelldatei „DrawableObjects/Terrain.cpp“ wird kompiliert)
  
F:\CHIFEngine\CHIFEngine\src\Include\camera.h(143,14): warning C4244: "Initialisierung": Konvertierung von "double" in "float", möglicher Datenverlust
  (Quelldatei „DrawableObjects/Terrain.cpp“ wird kompiliert)
  
F:\CHIFEngine\CHIFEngine\src\Include\camera.h(160,28): warning C4305: "Argument": Verkürzung von "double" in "float"
  (Quelldatei „DrawableObjects/Terrain.cpp“ wird kompiliert)
  
F:\CHIFEngine\CHIFEngine\src\Include\camera.h(136,13): warning C4305: "=": Verkürzung von "double" in "T"
F:\CHIFEngine\CHIFEngine\src\Include\camera.h(136,13): warning C4305:         with
F:\CHIFEngine\CHIFEngine\src\Include\camera.h(136,13): warning C4305:         [
F:\CHIFEngine\CHIFEngine\src\Include\camera.h(136,13): warning C4305:             T=float
F:\CHIFEngine\CHIFEngine\src\Include\camera.h(136,13): warning C4305:         ]
  (Quelldatei „DrawableObjects/Water.cpp“ wird kompiliert)
  
F:\CHIFEngine\CHIFEngine\src\Include\camera.h(137,13): warning C4305: "=": Verkürzung von "double" in "T"
F:\CHIFEngine\CHIFEngine\src\Include\camera.h(137,13): warning C4305:         with
F:\CHIFEngine\CHIFEngine\src\Include\camera.h(137,13): warning C4305:         [
F:\CHIFEngine\CHIFEngine\src\Include\camera.h(137,13): warning C4305:             T=float
F:\CHIFEngine\CHIFEngine\src\Include\camera.h(137,13): warning C4305:         ]
  (Quelldatei „DrawableObjects/Water.cpp“ wird kompiliert)
  
F:\CHIFEngine\CHIFEngine\src\Include\camera.h(138,13): warning C4305: "=": Verkürzung von "double" in "T"
F:\CHIFEngine\CHIFEngine\src\Include\camera.h(138,13): warning C4305:         with
F:\CHIFEngine\CHIFEngine\src\Include\camera.h(138,13): warning C4305:         [
F:\CHIFEngine\CHIFEngine\src\Include\camera.h(138,13): warning C4305:             T=float
F:\CHIFEngine\CHIFEngine\src\Include\camera.h(138,13): warning C4305:         ]
  (Quelldatei „DrawableObjects/Water.cpp“ wird kompiliert)
  
F:\CHIFEngine\CHIFEngine\src\Include\camera.h(139,13): warning C4305: "=": Verkürzung von "double" in "T"
F:\CHIFEngine\CHIFEngine\src\Include\camera.h(139,13): warning C4305:         with
F:\CHIFEngine\CHIFEngine\src\Include\camera.h(139,13): warning C4305:         [
F:\CHIFEngine\CHIFEngine\src\Include\camera.h(139,13): warning C4305:             T=float
F:\CHIFEngine\CHIFEngine\src\Include\camera.h(139,13): warning C4305:         ]
  (Quelldatei „DrawableObjects/Water.cpp“ wird kompiliert)
  
F:\CHIFEngine\CHIFEngine\src\Include\camera.h(143,14): warning C4244: "Initialisierung": Konvertierung von "double" in "float", möglicher Datenverlust
  (Quelldatei „DrawableObjects/Water.cpp“ wird kompiliert)
  
F:\CHIFEngine\CHIFEngine\src\Include\camera.h(160,28): warning C4305: "Argument": Verkürzung von "double" in "float"
  (Quelldatei „DrawableObjects/Water.cpp“ wird kompiliert)
  
F:\CHIFEngine\CHIFEngine\src\DrawableObjects\GUI.cpp(46,63): warning C4305: "Argument": Verkürzung von "double" in "float"
F:\CHIFEngine\CHIFEngine\src\DrawableObjects\Terrain.h(50,30): warning C4244: "Initialisierung": Konvertierung von "double" in "const int", möglicher Datenverlust
  (Quelldatei „DrawableObjects/Terrain.cpp“ wird kompiliert)
  
F:\CHIFEngine\CHIFEngine\src\Engine\ScreenSpaceShader.h(32,9): warning C4227: Anachronismus verwendet: Qualifizierer auf Verweise werden ignoriert
  (Quelldatei „Main.cpp“ wird kompiliert)
  
F:\CHIFEngine\CHIFEngine\src\DrawableObjects\Terrain.cpp(42,14): warning C4305: "=": Verkürzung von "double" in "float"
F:\CHIFEngine\CHIFEngine\src\DrawableObjects\Terrain.cpp(43,18): warning C4305: "=": Verkürzung von "double" in "float"
F:\CHIFEngine\CHIFEngine\src\DrawableObjects\Terrain.cpp(133,20): warning C4244: "Initialisierung": Konvertierung von "double" in "float", möglicher Datenverlust
F:\CHIFEngine\CHIFEngine\src\DrawableObjects\Terrain.cpp(148,41): warning C4244: "Argument": Konvertierung von "double" in "float", möglicher Datenverlust
F:\CHIFEngine\CHIFEngine\src\DrawableObjects\Terrain.cpp(175,16): warning C4267: "Initialisierung": Konvertierung von "size_t" nach "int", Datenverlust möglich
F:\CHIFEngine\CHIFEngine\src\DrawableObjects\Terrain.cpp(283,37): warning C4244: "Argument": Konvertierung von "double" in "float", möglicher Datenverlust
F:\CHIFEngine\CHIFEngine\src\DrawableObjects\Terrain.h(50,30): warning C4244: "Initialisierung": Konvertierung von "double" in "const int", möglicher Datenverlust
  (Quelldatei „DrawableObjects/Water.cpp“ wird kompiliert)
  
F:\CHIFEngine\CHIFEngine\src\DrawableObjects\Terrain.h(50,30): warning C4244: "Initialisierung": Konvertierung von "double" in "const int", möglicher Datenverlust
  (Quelldatei „Main.cpp“ wird kompiliert)
  
F:\CHIFEngine\CHIFEngine\src\DrawableObjects\Water.cpp(107,13): warning C4244: "Initialisierung": Konvertierung von "double" in "float", möglicher Datenverlust
F:\CHIFEngine\CHIFEngine\src\Main.cpp(97,35): warning C4244: "Argument": Konvertierung von "int" in "float", möglicher Datenverlust
  CHIFEngine.vcxproj -> F:\CHIFEngine\CHIFEngine\src\x64\Debug\CHIFEngine.exe
